<?xml version="1.0" encoding="UTF-8"?>
<!-- Generated by org.testng.reporters.JUnitXMLReporter -->
<testsuite ignored="0" hostname="Sagar-Tandu" failures="3" tests="8" name="Test" time="10.046" errors="0" timestamp="2022-07-11T14:55:08 IST">
  <testcase classname="SF.test.login" name="initialize" time="4.535"/>
  <testcase classname="SF.test.login" name="blank" time="0.429"/>
  <testcase classname="SF.test.login" name="invalidemail" time="1.377"/>
  <testcase classname="SF.test.login" name="invalidphone" time="3.654"/>
  <testcase classname="SF.test.Compose" name="browser" time="0.004">
    <failure type="java.lang.IllegalStateException" message="The driver executable must exist: C:\var\lib\jenkins\workspace\Automate\drivers\chromedriver">
      <![CDATA[java.lang.IllegalStateException: The driver executable must exist: C:\var\lib\jenkins\workspace\Automate\drivers\chromedriver
at org.openqa.selenium.internal.Require$FileStateChecker.isFile(Require.java:315)
at org.openqa.selenium.remote.service.DriverService.checkExecutable(DriverService.java:147)
at org.openqa.selenium.remote.service.DriverService.findExecutable(DriverService.java:142)
at org.openqa.selenium.chrome.ChromeDriverService.access$000(ChromeDriverService.java:38)
at org.openqa.selenium.chrome.ChromeDriverService$Builder.findDefaultExecutable(ChromeDriverService.java:231)
at org.openqa.selenium.remote.service.DriverService$Builder.build(DriverService.java:437)
at org.openqa.selenium.chrome.ChromeDriverService.createServiceWithConfig(ChromeDriverService.java:141)
at org.openqa.selenium.chrome.ChromeDriver.<init>(ChromeDriver.java:80)
at SF.test.Compose.browser(Compose.java:28)
at java.base/java.util.ArrayList.forEach(ArrayList.java:1541)
... Removed 30 stack frames]]>
    </failure>
  </testcase> <!-- browser -->
  <testcase classname="SF.test.Compose" name="close" time="0.001">
    <failure type="java.lang.NullPointerException">
      <![CDATA[java.lang.NullPointerException
at SF.test.Compose.close(Compose.java:67)
at java.base/java.util.ArrayList.forEach(ArrayList.java:1541)
... Removed 30 stack frames]]>
    </failure>
  </testcase> <!-- close -->
  <testcase classname="SF.test.Compose" name="composeemail" time="0.001">
    <failure type="java.lang.IllegalArgumentException" message="Driver must be set">
      <![CDATA[java.lang.IllegalArgumentException: Driver must be set
at org.openqa.selenium.internal.Require.nonNull(Require.java:56)
at org.openqa.selenium.interactions.Actions.<init>(Actions.java:67)
at SF.test.Compose.composeemail(Compose.java:37)
at java.base/java.util.ArrayList.forEach(ArrayList.java:1541)
... Removed 30 stack frames]]>
    </failure>
  </testcase> <!-- composeemail -->
  <testcase classname="SF.test.Compose" name="printText" time="0.001"/>
</testsuite> <!-- Test -->
